<?xml version="1.0" encoding="UTF-8"?>
<!-- Generated by org.testng.reporters.JUnitReportReporter -->
<testsuite hostname="SANTOSH" failures="0" tests="2" name="TestNG.TestNG4" time="0.009" errors="0" timestamp="2024-04-09T22:30:59 IST" skipped="1">
  <testcase classname="TestNG.TestNG4" name="a" time="0.009"/>
  <system-out/>
  <testcase classname="TestNG.TestNG4" name="c">
    <skipped/>
  </testcase> <!-- c -->
  <system-out/>
</testsuite> <!-- TestNG.TestNG4 -->
