<?xml version="1.0" encoding="UTF-8"?>
<!-- Generated by org.testng.reporters.JUnitReportReporter -->
<testsuite hostname="SANTOSH" failures="0" tests="2" name="TestNG.TestNG1" time="0.009" errors="0" timestamp="2024-04-09T15:36:34 IST" skipped="0">
  <testcase classname="TestNG.TestNG1" name="Test2" time="0.003"/>
  <system-out/>
  <testcase classname="TestNG.TestNG1" name="Test1" time="0.006"/>
  <system-out/>
</testsuite> <!-- TestNG.TestNG1 -->
