<?xml version="1.0" encoding="UTF-8"?>
<!-- Generated by org.testng.reporters.JUnitReportReporter -->
<testsuite hostname="SANTOSH" failures="0" tests="4" name="TestNG.TestNG3" time="0.011" errors="0" timestamp="2024-04-09T16:56:51 IST" skipped="0">
  <testcase classname="TestNG.TestNG3" name="b" time="0.009"/>
  <system-out/>
  <testcase classname="TestNG.TestNG3" name="a" time="0.001"/>
  <system-out/>
  <testcase classname="TestNG.TestNG3" name="c" time="0.001"/>
  <system-out/>
  <testcase classname="TestNG.TestNG3" name="d" time="0.000"/>
  <system-out/>
</testsuite> <!-- TestNG.TestNG3 -->
