<?xml version="1.0" encoding="UTF-8"?>
<!-- Generated by org.testng.reporters.JUnitReportReporter -->
<testsuite hostname="SANTOSH" failures="0" tests="4" name="TestNG.TestNG2" time="0.012" errors="0" timestamp="2024-04-09T16:42:42 IST" skipped="0">
  <testcase classname="TestNG.TestNG2" name="ab" time="0.001"/>
  <system-out/>
  <testcase classname="TestNG.TestNG2" name="a3" time="0.001"/>
  <system-out/>
  <testcase classname="TestNG.TestNG2" name="Z" time="0.009"/>
  <system-out/>
  <testcase classname="TestNG.TestNG2" name="a1" time="0.001"/>
  <system-out/>
</testsuite> <!-- TestNG.TestNG2 -->
